{"C:\\DEVNODE\\clean-tdd-node-api\\src\\presentation\\Helpers\\HttpResponse.js": {"path":"C:\\DEVNODE\\clean-tdd-node-api\\src\\presentation\\Helpers\\HttpResponse.js","all":false,"statementMap":{"0":{"start":{"line":1,"column":0},"end":{"line":1,"column":56}},"1":{"start":{"line":2,"column":0},"end":{"line":2,"column":0}},"2":{"start":{"line":3,"column":0},"end":{"line":3,"column":37}},"3":{"start":{"line":4,"column":0},"end":{"line":4,"column":33}},"4":{"start":{"line":5,"column":0},"end":{"line":5,"column":12}},"5":{"start":{"line":6,"column":0},"end":{"line":6,"column":22}},"6":{"start":{"line":7,"column":0},"end":{"line":7,"column":44}},"7":{"start":{"line":8,"column":0},"end":{"line":8,"column":5}},"8":{"start":{"line":9,"column":0},"end":{"line":9,"column":3}},"9":{"start":{"line":10,"column":0},"end":{"line":10,"column":0}},"10":{"start":{"line":11,"column":0},"end":{"line":11,"column":25}},"11":{"start":{"line":12,"column":0},"end":{"line":12,"column":12}},"12":{"start":{"line":13,"column":0},"end":{"line":13,"column":21}},"13":{"start":{"line":14,"column":0},"end":{"line":14,"column":5}},"14":{"start":{"line":15,"column":0},"end":{"line":15,"column":3}},"15":{"start":{"line":16,"column":0},"end":{"line":16,"column":0}},"16":{"start":{"line":17,"column":0},"end":{"line":17,"column":31}},"17":{"start":{"line":18,"column":0},"end":{"line":18,"column":12}},"18":{"start":{"line":19,"column":0},"end":{"line":19,"column":21}},"19":{"start":{"line":20,"column":0},"end":{"line":20,"column":5}},"20":{"start":{"line":21,"column":0},"end":{"line":21,"column":3}},"21":{"start":{"line":22,"column":0},"end":{"line":22,"column":1}}},"s":{"0":1,"1":1,"2":1,"3":1,"4":3,"5":3,"6":3,"7":3,"8":3,"9":1,"10":1,"11":3,"12":3,"13":3,"14":3,"15":1,"16":1,"17":0,"18":0,"19":0,"20":0,"21":1},"branchMap":{"0":{"type":"branch","line":4,"loc":{"start":{"line":4,"column":9},"end":{"line":9,"column":3}},"locations":[{"start":{"line":4,"column":9},"end":{"line":9,"column":3}}]},"1":{"type":"branch","line":11,"loc":{"start":{"line":11,"column":9},"end":{"line":15,"column":3}},"locations":[{"start":{"line":11,"column":9},"end":{"line":15,"column":3}}]}},"b":{"0":[3],"1":[3]},"fnMap":{"0":{"name":"badRequest","decl":{"start":{"line":4,"column":9},"end":{"line":9,"column":3}},"loc":{"start":{"line":4,"column":9},"end":{"line":9,"column":3}},"line":4},"1":{"name":"serverError","decl":{"start":{"line":11,"column":9},"end":{"line":15,"column":3}},"loc":{"start":{"line":11,"column":9},"end":{"line":15,"column":3}},"line":11},"2":{"name":"unauthorizedError","decl":{"start":{"line":17,"column":9},"end":{"line":21,"column":3}},"loc":{"start":{"line":17,"column":9},"end":{"line":21,"column":3}},"line":17}},"f":{"0":3,"1":3,"2":0}}
,"C:\\DEVNODE\\clean-tdd-node-api\\src\\presentation\\Helpers\\MissingParamError.js": {"path":"C:\\DEVNODE\\clean-tdd-node-api\\src\\presentation\\Helpers\\MissingParamError.js","all":false,"statementMap":{"0":{"start":{"line":1,"column":0},"end":{"line":1,"column":56}},"1":{"start":{"line":2,"column":0},"end":{"line":2,"column":27}},"2":{"start":{"line":3,"column":0},"end":{"line":3,"column":40}},"3":{"start":{"line":4,"column":0},"end":{"line":4,"column":35}},"4":{"start":{"line":5,"column":0},"end":{"line":5,"column":3}},"5":{"start":{"line":6,"column":0},"end":{"line":6,"column":1}}},"s":{"0":1,"1":1,"2":4,"3":4,"4":4,"5":1},"branchMap":{"0":{"type":"branch","line":2,"loc":{"start":{"line":2,"column":2},"end":{"line":5,"column":3}},"locations":[{"start":{"line":2,"column":2},"end":{"line":5,"column":3}}]}},"b":{"0":[4]},"fnMap":{"0":{"name":"MissingParamError","decl":{"start":{"line":2,"column":2},"end":{"line":5,"column":3}},"loc":{"start":{"line":2,"column":2},"end":{"line":5,"column":3}},"line":2}},"f":{"0":4}}
,"C:\\DEVNODE\\clean-tdd-node-api\\src\\presentation\\routes\\LoginRouter.js": {"path":"C:\\DEVNODE\\clean-tdd-node-api\\src\\presentation\\routes\\LoginRouter.js","all":false,"statementMap":{"0":{"start":{"line":1,"column":0},"end":{"line":1,"column":55}},"1":{"start":{"line":2,"column":0},"end":{"line":2,"column":0}},"2":{"start":{"line":3,"column":0},"end":{"line":3,"column":36}},"3":{"start":{"line":4,"column":0},"end":{"line":4,"column":29}},"4":{"start":{"line":5,"column":0},"end":{"line":5,"column":34}},"5":{"start":{"line":6,"column":0},"end":{"line":6,"column":3}},"6":{"start":{"line":7,"column":0},"end":{"line":7,"column":0}},"7":{"start":{"line":8,"column":0},"end":{"line":8,"column":23}},"8":{"start":{"line":9,"column":0},"end":{"line":9,"column":65}},"9":{"start":{"line":10,"column":0},"end":{"line":10,"column":39}},"10":{"start":{"line":11,"column":0},"end":{"line":11,"column":12}},"11":{"start":{"line":12,"column":0},"end":{"line":12,"column":45}},"12":{"start":{"line":13,"column":0},"end":{"line":13,"column":19}},"13":{"start":{"line":14,"column":0},"end":{"line":14,"column":47}},"14":{"start":{"line":15,"column":0},"end":{"line":15,"column":7}},"15":{"start":{"line":16,"column":0},"end":{"line":16,"column":22}},"16":{"start":{"line":17,"column":0},"end":{"line":17,"column":50}},"17":{"start":{"line":18,"column":0},"end":{"line":18,"column":7}},"18":{"start":{"line":19,"column":0},"end":{"line":19,"column":73}},"19":{"start":{"line":20,"column":0},"end":{"line":20,"column":47}},"20":{"start":{"line":21,"column":0},"end":{"line":21,"column":7}},"21":{"start":{"line":22,"column":0},"end":{"line":22,"column":44}},"22":{"start":{"line":23,"column":0},"end":{"line":23,"column":5}},"23":{"start":{"line":24,"column":0},"end":{"line":24,"column":3}},"24":{"start":{"line":25,"column":0},"end":{"line":25,"column":1}}},"s":{"0":1,"1":1,"2":1,"3":1,"4":6,"5":6,"6":1,"7":1,"8":6,"9":3,"10":3,"11":3,"12":3,"13":3,"14":3,"15":0,"16":0,"17":0,"18":3,"19":0,"20":0,"21":0,"22":0,"23":6,"24":1},"branchMap":{"0":{"type":"branch","line":4,"loc":{"start":{"line":4,"column":2},"end":{"line":6,"column":3}},"locations":[{"start":{"line":4,"column":2},"end":{"line":6,"column":3}}]},"1":{"type":"branch","line":8,"loc":{"start":{"line":8,"column":2},"end":{"line":24,"column":3}},"locations":[{"start":{"line":8,"column":2},"end":{"line":24,"column":3}}]},"2":{"type":"branch","line":9,"loc":{"start":{"line":9,"column":20},"end":{"line":9,"column":41}},"locations":[{"start":{"line":9,"column":20},"end":{"line":9,"column":41}}]},"3":{"type":"branch","line":9,"loc":{"start":{"line":9,"column":41},"end":{"line":9,"column":62}},"locations":[{"start":{"line":9,"column":41},"end":{"line":9,"column":62}}]},"4":{"type":"branch","line":9,"loc":{"start":{"line":9,"column":64},"end":{"line":23,"column":5}},"locations":[{"start":{"line":9,"column":64},"end":{"line":23,"column":5}}]},"5":{"type":"branch","line":15,"loc":{"start":{"line":15,"column":6},"end":{"line":19,"column":70}},"locations":[{"start":{"line":15,"column":6},"end":{"line":19,"column":70}}]},"6":{"type":"branch","line":19,"loc":{"start":{"line":19,"column":72},"end":{"line":23,"column":5}},"locations":[{"start":{"line":19,"column":72},"end":{"line":23,"column":5}}]}},"b":{"0":[6],"1":[6],"2":[5],"3":[4],"4":[3],"5":[0],"6":[0]},"fnMap":{"0":{"name":"LoginRouter","decl":{"start":{"line":4,"column":2},"end":{"line":6,"column":3}},"loc":{"start":{"line":4,"column":2},"end":{"line":6,"column":3}},"line":4},"1":{"name":"route","decl":{"start":{"line":8,"column":2},"end":{"line":24,"column":3}},"loc":{"start":{"line":8,"column":2},"end":{"line":24,"column":3}},"line":8}},"f":{"0":6,"1":6}}
}
