TN:
SF:src\presentation\Helpers\HttpResponse.js
FN:4,badRequest
FN:11,serverError
FN:17,unauthorizedError
FNF:3
FNH:2
FNDA:3,badRequest
FNDA:3,serverError
FNDA:0,unauthorizedError
DA:1,1
DA:2,1
DA:3,1
DA:4,1
DA:5,3
DA:6,3
DA:7,3
DA:8,3
DA:9,3
DA:10,1
DA:11,1
DA:12,3
DA:13,3
DA:14,3
DA:15,3
DA:16,1
DA:17,1
DA:18,0
DA:19,0
DA:20,0
DA:21,0
DA:22,1
LF:22
LH:18
BRDA:4,0,0,3
BRDA:11,1,0,3
BRF:2
BRH:2
end_of_record
TN:
SF:src\presentation\Helpers\MissingParamError.js
FN:2,MissingParamError
FNF:1
FNH:1
FNDA:4,MissingParamError
DA:1,1
DA:2,1
DA:3,4
DA:4,4
DA:5,4
DA:6,1
LF:6
LH:6
BRDA:2,0,0,4
BRF:1
BRH:1
end_of_record
TN:
SF:src\presentation\routes\LoginRouter.js
FN:4,LoginRouter
FN:8,route
FNF:2
FNH:2
FNDA:6,LoginRouter
FNDA:6,route
DA:1,1
DA:2,1
DA:3,1
DA:4,1
DA:5,6
DA:6,6
DA:7,1
DA:8,1
DA:9,6
DA:10,3
DA:11,3
DA:12,3
DA:13,3
DA:14,3
DA:15,3
DA:16,0
DA:17,0
DA:18,0
DA:19,3
DA:20,0
DA:21,0
DA:22,0
DA:23,0
DA:24,6
DA:25,1
LF:25
LH:18
BRDA:4,0,0,6
BRDA:8,1,0,6
BRDA:9,2,0,5
BRDA:9,3,0,4
BRDA:9,4,0,3
BRDA:15,5,0,0
BRDA:19,6,0,0
BRF:7
BRH:5
end_of_record
