TN:
SF:src\presentation\Helpers\HttpResponse.js
FN:4,badRequest
FN:11,serverError
FNF:2
FNH:2
FNDA:4,badRequest
FNDA:2,serverError
DA:1,1
DA:2,1
DA:3,1
DA:4,1
DA:5,4
DA:6,4
DA:7,4
DA:8,4
DA:9,4
DA:10,1
DA:11,1
DA:12,2
DA:13,2
DA:14,2
DA:15,2
DA:16,1
LF:16
LH:16
BRDA:4,0,0,4
BRDA:11,1,0,2
BRF:2
BRH:2
end_of_record
TN:
SF:src\presentation\Helpers\MissingParamError.js
FN:2,MissingParamError
FNF:1
FNH:1
FNDA:4,MissingParamError
DA:1,1
DA:2,1
DA:3,4
DA:4,4
DA:5,4
DA:6,1
LF:6
LH:6
BRDA:2,0,0,4
BRF:1
BRH:1
end_of_record
TN:
SF:src\presentation\routes\LoginRouter.js
FN:4,route
FNF:1
FNH:1
FNDA:4,route
DA:1,1
DA:2,1
DA:3,1
DA:4,1
DA:5,4
DA:6,2
DA:7,2
DA:8,2
DA:9,2
DA:10,2
DA:11,2
DA:12,4
DA:13,1
LF:13
LH:13
BRDA:4,0,0,4
BRDA:5,1,0,3
BRDA:5,2,0,2
BRF:3
BRH:3
end_of_record
